settings_native/build/intermediates/manifest_merge_blame_file/release/manifest-merger-blame-release-report.txt
1<?xml version="1.0" encoding="utf-8"?>
2<manifest xmlns:android="http://schemas.android.com/apk/res/android"
3    xmlns:tools="http://schemas.android.com/tools"
4    package="io.pressf.settings_native" >
5
6    <uses-sdk
7        android:minSdkVersion="21"
7-->src/androidMain/AndroidManifest.xml
8        android:targetSdkVersion="31" />
8-->src/androidMain/AndroidManifest.xml
9
10    <application>
10-->src/androidMain/AndroidManifest.xml:7:5-16:19
11        <provider
11-->src/androidMain/AndroidManifest.xml:8:9-15:20
12            android:name="androidx.startup.InitializationProvider"
12-->src/androidMain/AndroidManifest.xml:9:17-71
13            android:authorities="${applicationId}.androidx-startup"
13-->src/androidMain/AndroidManifest.xml:10:17-72
14            android:exported="false"
14-->src/androidMain/AndroidManifest.xml:11:17-41
15            tools:node="merge" >
15-->src/androidMain/AndroidManifest.xml:12:17-35
16            <meta-data
16-->src/androidMain/AndroidManifest.xml:13:13-14:60
17                android:name="io.pressf.settings_native.SettingsInitializer"
17-->src/androidMain/AndroidManifest.xml:13:25-85
18                android:value="androidx.startup" />
18-->src/androidMain/AndroidManifest.xml:14:25-57
19        </provider>
20    </application>
21
22</manifest>